[INFO] [07/21/2015 11:24:04.873] [default-akka.actor.default-dispatcher-2] [akka://default/user/cdm-connection] connected to amqp://partnerdeliver:partnerdeliver@10.50.0.100:5672//
[INFO] [07/21/2015 11:24:04.945] [default-akka.actor.default-dispatcher-3] [akka://default/user/cdm-connection/splunk-publisher-publisher-channel] got channel AMQChannel(amqp://partnerdeliver@10.50.0.100:5672/,1)
[INFO] [07/21/2015 11:24:04.970] [default-akka.actor.default-dispatcher-6] [akka://default/user/cdm-connection/partner-delivery-publisher-publisher-channel] got channel AMQChannel(amqp://partnerdeliver@10.50.0.100:5672/,2)
[INFO] [07/21/2015 11:24:04.977] [default-akka.actor.default-dispatcher-4] [akka://default/user/cdm-connection/partner-delivery-consumer] got channel AMQChannel(amqp://partnerdeliver@10.50.0.100:5672/,4)
[INFO] [07/21/2015 11:24:04.978] [default-akka.actor.default-dispatcher-8] [akka://default/user/cdm-connection/partner-delivery-consumer-consumer-requeue-publisher-publisher-channel] got channel AMQChannel(amqp://partnerdeliver@10.50.0.100:5672/,3)
[INFO] [07/21/2015 11:24:05.022] [default-akka.actor.default-dispatcher-5] [akka://default/user/partner-delivery-consumer-requeuing-reliable-consumer] Setting consumer tag to 'amq.ctag-4QsDa1qDve5hsmBw8e7Ovw'
11:24:05.203 main INFO  org.eclipse.jetty.util.log - "Logging initialized @2619ms"
11:24:05.265 main INFO  org.eclipse.jetty.server.Server - "jetty-9.2.z-SNAPSHOT"
11:24:05.745 main INFO  o.e.j.server.handler.ContextHandler - "Started i.c.$anon$1@69824fe7{/,null,AVAILABLE}"
11:24:05.757 main INFO  o.e.jetty.server.ServerConnector - "Started ServerConnector@42d795d2{HTTP/1.1}{0.0.0.0:7012}"
11:24:05.757 main INFO  org.eclipse.jetty.server.Server - "Started @3176ms"
11:24:06.892 shutdownHook1 INFO  o.e.jetty.server.ServerConnector - "Stopped ServerConnector@42d795d2{HTTP/1.1}{0.0.0.0:7012}"
11:24:06.895 shutdownHook1 INFO  o.e.j.server.handler.ContextHandler - "Stopped i.c.$anon$1@69824fe7{/,null,UNAVAILABLE}"
[INFO] [07/21/2015 11:24:06.924] [default-akka.actor.default-dispatcher-3] [akka://default/user/cdm-connection/partner-delivery-publisher-publisher-channel] Message [com.github.sstone.amqp.Amqp$Shutdown] from Actor[akka://default/user/cdm-connection/partner-delivery-publisher-publisher-channel/$a#1947006797] to Actor[akka://default/user/cdm-connection/partner-delivery-publisher-publisher-channel#-1881430568] was not delivered. [1] dead letters encountered. This logging can be turned off or adjusted with configuration settings 'akka.log-dead-letters' and 'akka.log-dead-letters-during-shutdown'.
[INFO] [07/21/2015 11:24:06.926] [default-akka.actor.default-dispatcher-7] [akka://default/user/cdm-connection/splunk-publisher-publisher-channel] Message [com.github.sstone.amqp.Amqp$Shutdown] from Actor[akka://default/user/cdm-connection/splunk-publisher-publisher-channel/$a#697159418] to Actor[akka://default/user/cdm-connection/splunk-publisher-publisher-channel#-1681436091] was not delivered. [2] dead letters encountered. This logging can be turned off or adjusted with configuration settings 'akka.log-dead-letters' and 'akka.log-dead-letters-during-shutdown'.
[INFO] [07/21/2015 11:24:06.928] [default-akka.actor.default-dispatcher-6] [akka://default/user/cdm-connection/partner-delivery-consumer] Message [com.github.sstone.amqp.Amqp$Shutdown] from Actor[akka://default/user/cdm-connection/partner-delivery-consumer/$a#1317524430] to Actor[akka://default/user/cdm-connection/partner-delivery-consumer#286430174] was not delivered. [3] dead letters encountered. This logging can be turned off or adjusted with configuration settings 'akka.log-dead-letters' and 'akka.log-dead-letters-during-shutdown'.
[INFO] [07/21/2015 11:24:06.930] [default-akka.actor.default-dispatcher-9] [akka://default/user/cdm-connection/partner-delivery-consumer-consumer-requeue-publisher-publisher-channel] Message [com.github.sstone.amqp.Amqp$Shutdown] from Actor[akka://default/user/cdm-connection/partner-delivery-consumer-consumer-requeue-publisher-publisher-channel/$a#1964101278] to Actor[akka://default/user/cdm-connection/partner-delivery-consumer-consumer-requeue-publisher-publisher-channel#-1376848216] was not delivered. [4] dead letters encountered. This logging can be turned off or adjusted with configuration settings 'akka.log-dead-letters' and 'akka.log-dead-letters-during-shutdown'.
[INFO] [07/21/2015 11:24:06.935] [default-akka.actor.default-dispatcher-9] [akka://default/user/cdm-connection] Message [com.github.sstone.amqp.Amqp$Shutdown] from Actor[akka://default/user/cdm-connection#-512420998] to Actor[akka://default/user/cdm-connection#-512420998] was not delivered. [5] dead letters encountered. This logging can be turned off or adjusted with configuration settings 'akka.log-dead-letters' and 'akka.log-dead-letters-during-shutdown'.
[INFO] [07/21/2015 11:24:10.281] [default-akka.actor.default-dispatcher-3] [akka://default/user/cdm-connection] connected to amqp://partnerdeliver:partnerdeliver@10.50.0.100:5672//
[INFO] [07/21/2015 11:24:10.347] [default-akka.actor.default-dispatcher-6] [akka://default/user/cdm-connection/splunk-publisher-publisher-channel] got channel AMQChannel(amqp://partnerdeliver@10.50.0.100:5672/,1)
[INFO] [07/21/2015 11:24:10.375] [default-akka.actor.default-dispatcher-5] [akka://default/user/cdm-connection/partner-delivery-publisher-publisher-channel] got channel AMQChannel(amqp://partnerdeliver@10.50.0.100:5672/,3)
[INFO] [07/21/2015 11:24:10.385] [default-akka.actor.default-dispatcher-3] [akka://default/user/cdm-connection/partner-delivery-consumer] got channel AMQChannel(amqp://partnerdeliver@10.50.0.100:5672/,5)
[INFO] [07/21/2015 11:24:10.387] [default-akka.actor.default-dispatcher-4] [akka://default/user/cdm-connection/partner-delivery-consumer-consumer-requeue-publisher-publisher-channel] got channel AMQChannel(amqp://partnerdeliver@10.50.0.100:5672/,4)
[WARN] [07/21/2015 11:24:10.396] [default-akka.actor.default-dispatcher-6] [akka://default/user/cdm-connection/splunk-publisher-publisher-channel] unhandled message AMQChannel(amqp://partnerdeliver@10.50.0.100:5672/,2)
[INFO] [07/21/2015 11:24:10.424] [default-akka.actor.default-dispatcher-5] [akka://default/user/partner-delivery-consumer-requeuing-reliable-consumer] Setting consumer tag to 'amq.ctag-ssNJP_Qj6V5tW95kk1J6-Q'
11:24:10.644 main INFO  org.eclipse.jetty.util.log - "Logging initialized @2571ms"
11:24:10.706 main INFO  org.eclipse.jetty.server.Server - "jetty-9.2.z-SNAPSHOT"
11:24:11.207 main INFO  o.e.j.server.handler.ContextHandler - "Started i.c.$anon$1@3d649a96{/,null,AVAILABLE}"
11:24:11.218 main INFO  o.e.jetty.server.ServerConnector - "Started ServerConnector@24481658{HTTP/1.1}{0.0.0.0:7012}"
11:24:11.219 main INFO  org.eclipse.jetty.server.Server - "Started @3149ms"
[ERROR] [07/21/2015 14:10:36.800] [default-akka.actor.default-dispatcher-5] [akka://default/user/cdm-connection/partner-delivery-publisher-publisher-channel] shutdown
com.rabbitmq.client.ShutdownSignalException: connection error; protocol method: #method<connection.close>(reply-code=320, reply-text=CONNECTION_FORCED - broker forced connection closure with reason 'shutdown', class-id=0, method-id=0)
	at com.rabbitmq.client.impl.AMQConnection.startShutdown(AMQConnection.java:715)
	at com.rabbitmq.client.impl.AMQConnection.shutdown(AMQConnection.java:705)
	at com.rabbitmq.client.impl.AMQConnection.handleConnectionClose(AMQConnection.java:660)
	at com.rabbitmq.client.impl.AMQConnection.processControlCommand(AMQConnection.java:615)
	at com.rabbitmq.client.impl.AMQConnection$1.processAsync(AMQConnection.java:107)
	at com.rabbitmq.client.impl.AMQChannel.handleCompleteInboundCommand(AMQChannel.java:144)
	at com.rabbitmq.client.impl.AMQChannel.handleFrame(AMQChannel.java:91)
	at com.rabbitmq.client.impl.AMQConnection$MainLoop.run(AMQConnection.java:540)
	at java.lang.Thread.run(Thread.java:745)

[ERROR] [07/21/2015 14:10:36.806] [default-akka.actor.default-dispatcher-2] [akka://default/user/cdm-connection/splunk-publisher-publisher-channel] shutdown
com.rabbitmq.client.ShutdownSignalException: connection error; protocol method: #method<connection.close>(reply-code=320, reply-text=CONNECTION_FORCED - broker forced connection closure with reason 'shutdown', class-id=0, method-id=0)
	at com.rabbitmq.client.impl.AMQConnection.startShutdown(AMQConnection.java:715)
	at com.rabbitmq.client.impl.AMQConnection.shutdown(AMQConnection.java:705)
	at com.rabbitmq.client.impl.AMQConnection.handleConnectionClose(AMQConnection.java:660)
	at com.rabbitmq.client.impl.AMQConnection.processControlCommand(AMQConnection.java:615)
	at com.rabbitmq.client.impl.AMQConnection$1.processAsync(AMQConnection.java:107)
	at com.rabbitmq.client.impl.AMQChannel.handleCompleteInboundCommand(AMQChannel.java:144)
	at com.rabbitmq.client.impl.AMQChannel.handleFrame(AMQChannel.java:91)
	at com.rabbitmq.client.impl.AMQConnection$MainLoop.run(AMQConnection.java:540)
	at java.lang.Thread.run(Thread.java:745)

[ERROR] [07/21/2015 14:10:36.809] [default-akka.actor.default-dispatcher-6] [akka://default/user/cdm-connection/partner-delivery-consumer] shutdown
com.rabbitmq.client.ShutdownSignalException: connection error; protocol method: #method<connection.close>(reply-code=320, reply-text=CONNECTION_FORCED - broker forced connection closure with reason 'shutdown', class-id=0, method-id=0)
	at com.rabbitmq.client.impl.AMQConnection.startShutdown(AMQConnection.java:715)
	at com.rabbitmq.client.impl.AMQConnection.shutdown(AMQConnection.java:705)
	at com.rabbitmq.client.impl.AMQConnection.handleConnectionClose(AMQConnection.java:660)
	at com.rabbitmq.client.impl.AMQConnection.processControlCommand(AMQConnection.java:615)
	at com.rabbitmq.client.impl.AMQConnection$1.processAsync(AMQConnection.java:107)
	at com.rabbitmq.client.impl.AMQChannel.handleCompleteInboundCommand(AMQChannel.java:144)
	at com.rabbitmq.client.impl.AMQChannel.handleFrame(AMQChannel.java:91)
	at com.rabbitmq.client.impl.AMQConnection$MainLoop.run(AMQConnection.java:540)
	at java.lang.Thread.run(Thread.java:745)

[ERROR] [07/21/2015 14:10:36.810] [default-akka.actor.default-dispatcher-4] [akka://default/user/cdm-connection/partner-delivery-consumer-consumer-requeue-publisher-publisher-channel] shutdown
com.rabbitmq.client.ShutdownSignalException: connection error; protocol method: #method<connection.close>(reply-code=320, reply-text=CONNECTION_FORCED - broker forced connection closure with reason 'shutdown', class-id=0, method-id=0)
	at com.rabbitmq.client.impl.AMQConnection.startShutdown(AMQConnection.java:715)
	at com.rabbitmq.client.impl.AMQConnection.shutdown(AMQConnection.java:705)
	at com.rabbitmq.client.impl.AMQConnection.handleConnectionClose(AMQConnection.java:660)
	at com.rabbitmq.client.impl.AMQConnection.processControlCommand(AMQConnection.java:615)
	at com.rabbitmq.client.impl.AMQConnection$1.processAsync(AMQConnection.java:107)
	at com.rabbitmq.client.impl.AMQChannel.handleCompleteInboundCommand(AMQChannel.java:144)
	at com.rabbitmq.client.impl.AMQChannel.handleFrame(AMQChannel.java:91)
	at com.rabbitmq.client.impl.AMQConnection$MainLoop.run(AMQConnection.java:540)
	at java.lang.Thread.run(Thread.java:745)

[ERROR] [07/21/2015 14:10:36.820] [default-akka.actor.default-dispatcher-8] [akka://default/user/cdm-connection] cannot create channel
com.rabbitmq.client.AlreadyClosedException: connection is already closed due to connection error; protocol method: #method<connection.close>(reply-code=320, reply-text=CONNECTION_FORCED - broker forced connection closure with reason 'shutdown', class-id=0, method-id=0)
	at com.rabbitmq.client.impl.AMQConnection.ensureIsOpen(AMQConnection.java:173)
	at com.rabbitmq.client.impl.AMQConnection.createChannel(AMQConnection.java:494)
	at com.github.sstone.amqp.ConnectionOwner$$anonfun$connected$1$$anonfun$2.apply(ConnectionOwner.scala:168)
	at com.github.sstone.amqp.ConnectionOwner$$anonfun$connected$1$$anonfun$2.apply(ConnectionOwner.scala:168)
	at scala.util.Try$.apply(Try.scala:191)
	at com.github.sstone.amqp.ConnectionOwner$$anonfun$connected$1.applyOrElse(ConnectionOwner.scala:168)
	at akka.actor.Actor$class.aroundReceive(Actor.scala:465)
	at com.github.sstone.amqp.ConnectionOwner.aroundReceive(ConnectionOwner.scala:75)
	at akka.actor.ActorCell.receiveMessage(ActorCell.scala:516)
	at akka.actor.ActorCell.invoke(ActorCell.scala:487)
	at akka.dispatch.Mailbox.processMailbox(Mailbox.scala:238)
	at akka.dispatch.Mailbox.run(Mailbox.scala:220)
	at akka.dispatch.ForkJoinExecutorConfigurator$AkkaForkJoinTask.exec(AbstractDispatcher.scala:393)
	at scala.concurrent.forkjoin.ForkJoinTask.doExec(ForkJoinTask.java:260)
	at scala.concurrent.forkjoin.ForkJoinPool$WorkQueue.runTask(ForkJoinPool.java:1339)
	at scala.concurrent.forkjoin.ForkJoinPool.runWorker(ForkJoinPool.java:1979)
	at scala.concurrent.forkjoin.ForkJoinWorkerThread.run(ForkJoinWorkerThread.java:107)

[ERROR] [07/21/2015 14:10:40.052] [default-akka.actor.default-dispatcher-9] [akka://default/user/cdm-connection] connection failed
java.io.IOException
	at com.rabbitmq.client.impl.AMQChannel.wrap(AMQChannel.java:106)
	at com.rabbitmq.client.impl.AMQChannel.wrap(AMQChannel.java:102)
	at com.rabbitmq.client.impl.AMQConnection.start(AMQConnection.java:346)
	at com.rabbitmq.client.ConnectionFactory.newConnection(ConnectionFactory.java:590)
	at com.rabbitmq.client.ConnectionFactory.newConnection(ConnectionFactory.java:612)
	at com.github.sstone.amqp.ConnectionOwner.createConnection(ConnectionOwner.scala:114)
	at com.github.sstone.amqp.ConnectionOwner$$anonfun$disconnected$1$$anonfun$1.apply(ConnectionOwner.scala:136)
	at com.github.sstone.amqp.ConnectionOwner$$anonfun$disconnected$1$$anonfun$1.apply(ConnectionOwner.scala:136)
	at scala.util.Try$.apply(Try.scala:191)
	at com.github.sstone.amqp.ConnectionOwner$$anonfun$disconnected$1.applyOrElse(ConnectionOwner.scala:136)
	at akka.actor.Actor$class.aroundReceive(Actor.scala:465)
	at com.github.sstone.amqp.ConnectionOwner.aroundReceive(ConnectionOwner.scala:75)
	at akka.actor.ActorCell.receiveMessage(ActorCell.scala:516)
	at akka.actor.ActorCell.invoke(ActorCell.scala:487)
	at akka.dispatch.Mailbox.processMailbox(Mailbox.scala:238)
	at akka.dispatch.Mailbox.run(Mailbox.scala:220)
	at akka.dispatch.ForkJoinExecutorConfigurator$AkkaForkJoinTask.exec(AbstractDispatcher.scala:393)
	at scala.concurrent.forkjoin.ForkJoinTask.doExec(ForkJoinTask.java:260)
	at scala.concurrent.forkjoin.ForkJoinPool$WorkQueue.runTask(ForkJoinPool.java:1339)
	at scala.concurrent.forkjoin.ForkJoinPool.runWorker(ForkJoinPool.java:1979)
	at scala.concurrent.forkjoin.ForkJoinWorkerThread.run(ForkJoinWorkerThread.java:107)
Caused by: com.rabbitmq.client.ShutdownSignalException: connection error
	at com.rabbitmq.utility.ValueOrException.getValue(ValueOrException.java:67)
	at com.rabbitmq.utility.BlockingValueOrException.uninterruptibleGetValue(BlockingValueOrException.java:33)
	at com.rabbitmq.client.impl.AMQChannel$BlockingRpcContinuation.getReply(AMQChannel.java:343)
	at com.rabbitmq.client.impl.AMQConnection.start(AMQConnection.java:292)
	... 18 more
Caused by: java.io.EOFException
	at java.io.DataInputStream.readUnsignedByte(DataInputStream.java:290)
	at com.rabbitmq.client.impl.Frame.readFrom(Frame.java:95)
	at com.rabbitmq.client.impl.SocketFrameHandler.readFrame(SocketFrameHandler.java:139)
	at com.rabbitmq.client.impl.AMQConnection$MainLoop.run(AMQConnection.java:532)
	at java.lang.Thread.run(Thread.java:745)

[INFO] [07/21/2015 14:10:42.066] [default-akka.actor.default-dispatcher-9] [akka://default/user/cdm-connection] connected to amqp://partnerdeliver:partnerdeliver@10.50.0.100:5672//
[INFO] [07/21/2015 14:10:42.070] [default-akka.actor.default-dispatcher-6] [akka://default/user/cdm-connection/partner-delivery-publisher-publisher-channel] got channel AMQChannel(amqp://partnerdeliver@10.50.0.100:5672/,3)
[WARN] [07/21/2015 14:10:42.071] [default-akka.actor.default-dispatcher-4] [akka://default/user/partner-delivery-publisher-reliable-publisher] Received channel connect message whilst already connected... ignoring
[INFO] [07/21/2015 14:10:42.072] [default-akka.actor.default-dispatcher-7] [akka://default/user/cdm-connection/partner-delivery-consumer-consumer-requeue-publisher-publisher-channel] got channel AMQChannel(amqp://partnerdeliver@10.50.0.100:5672/,2)
[WARN] [07/21/2015 14:10:42.073] [default-akka.actor.default-dispatcher-7] [akka://default/user/partner-delivery-consumer-requeuing-reliable-consumer/$a] Received channel connect message whilst already connected... ignoring
[INFO] [07/21/2015 14:10:42.075] [default-akka.actor.default-dispatcher-2] [akka://default/user/cdm-connection/partner-delivery-consumer] got channel AMQChannel(amqp://partnerdeliver@10.50.0.100:5672/,1)
[WARN] [07/21/2015 14:10:42.076] [default-akka.actor.default-dispatcher-2] [akka://default/user/partner-delivery-consumer-requeuing-reliable-consumer] Received channel connect message whilst already connected... ignoring
[INFO] [07/21/2015 14:10:42.080] [default-akka.actor.default-dispatcher-9] [akka://default/user/cdm-connection/splunk-publisher-publisher-channel] got channel AMQChannel(amqp://partnerdeliver@10.50.0.100:5672/,4)
[WARN] [07/21/2015 14:10:42.081] [default-akka.actor.default-dispatcher-9] [akka://default/user/splunk-publisher-reliable-publisher] Received channel connect message whilst already connected... ignoring
[INFO] [07/21/2015 14:10:42.090] [default-akka.actor.default-dispatcher-7] [akka://default/user/partner-delivery-consumer-requeuing-reliable-consumer] Setting consumer tag to 'amq.ctag-7f48cvm0fs4HdKNEwPX6aw'
[INFO] [07/21/2015 15:14:01.692] [default-akka.actor.default-dispatcher-2] [akka://default/user/partner-delivery-consumer-client] Received message PartnerDeliveryRequest(ProductionId(5/1001/0010#001),Partner(Broadcast),Media)
15:14:03.540 default-akka.actor.default-dispatcher-6 INFO  i.c.f.FileAssetDeliveryLifecycle$$anonfun$itv$contentdelivery$fileassetdelivery$FileAssetDeliveryLifecycle$$createPartnerDeliveryHandler$1$$anon$2 - "Started file transfer for PartnerDeliveryRequest(ProductionId(5/1001/0010#001),Partner(Broadcast),Media)"
[INFO] [07/21/2015 15:14:03.594] [default-akka.actor.default-dispatcher-7] [akka://default/user/partner-delivery-consumer-requeuing-reliable-consumer] Acknowledged message AmqpMessageDelivery(AmqpMessage([132]"<PartnerDeliveryRequest>\n  <ProductionId>5/1001/0010#001</ProductionId>\n  <PartnerId>Broadcast</PartnerId>\n</PartnerDeliveryRequest>",AmqpMessageProperties(Some(Map(routingKey -> cdm.itv.partner.deliver, user-agent -> Apache-HttpClient/4.2.1-redhat-1 (java 1.5), host -> 127.0.0.1:8080, content-length -> 132, content-type -> application/xml; charset=UTF-8, connection -> Keep-Alive)),None,None)),MessageDeliveryRef(amq.ctag-7f48cvm0fs4HdKNEwPX6aw,1)) with delivery ref MessageDeliveryRef(amq.ctag-7f48cvm0fs4HdKNEwPX6aw,1)
15:22:52.194 shutdownHook1 INFO  o.e.jetty.server.ServerConnector - "Stopped ServerConnector@24481658{HTTP/1.1}{0.0.0.0:7012}"
15:22:52.197 shutdownHook1 INFO  o.e.j.server.handler.ContextHandler - "Stopped i.c.$anon$1@3d649a96{/,null,UNAVAILABLE}"
[INFO] [07/21/2015 15:22:52.223] [default-akka.actor.default-dispatcher-5] [akka://default/user/cdm-connection/partner-delivery-consumer-consumer-requeue-publisher-publisher-channel] Message [com.github.sstone.amqp.Amqp$Shutdown] from Actor[akka://default/user/cdm-connection/partner-delivery-consumer-consumer-requeue-publisher-publisher-channel/$b#-1999139215] to Actor[akka://default/user/cdm-connection/partner-delivery-consumer-consumer-requeue-publisher-publisher-channel#-2143187048] was not delivered. [1] dead letters encountered. This logging can be turned off or adjusted with configuration settings 'akka.log-dead-letters' and 'akka.log-dead-letters-during-shutdown'.
[INFO] [07/21/2015 15:22:52.225] [default-akka.actor.default-dispatcher-4] [akka://default/user/cdm-connection/splunk-publisher-publisher-channel] Message [com.github.sstone.amqp.Amqp$Shutdown] from Actor[akka://default/user/cdm-connection/splunk-publisher-publisher-channel/$b#-1945421434] to Actor[akka://default/user/cdm-connection/splunk-publisher-publisher-channel#388856628] was not delivered. [2] dead letters encountered. This logging can be turned off or adjusted with configuration settings 'akka.log-dead-letters' and 'akka.log-dead-letters-during-shutdown'.
[INFO] [07/21/2015 15:22:52.227] [default-akka.actor.default-dispatcher-8] [akka://default/user/cdm-connection/partner-delivery-consumer] Message [com.github.sstone.amqp.Amqp$Shutdown] from Actor[akka://default/user/cdm-connection/partner-delivery-consumer/$b#1840626338] to Actor[akka://default/user/cdm-connection/partner-delivery-consumer#-854295327] was not delivered. [3] dead letters encountered. This logging can be turned off or adjusted with configuration settings 'akka.log-dead-letters' and 'akka.log-dead-letters-during-shutdown'.
[INFO] [07/21/2015 15:22:52.228] [default-akka.actor.default-dispatcher-2] [akka://default/user/cdm-connection/partner-delivery-publisher-publisher-channel] Message [akka.actor.Terminated] from Actor[akka://default/user/partner-delivery-publisher-reliable-publisher#671916263] to Actor[akka://default/user/cdm-connection/partner-delivery-publisher-publisher-channel#-1558637346] was not delivered. [4] dead letters encountered. This logging can be turned off or adjusted with configuration settings 'akka.log-dead-letters' and 'akka.log-dead-letters-during-shutdown'.
[INFO] [07/21/2015 15:22:52.228] [default-akka.actor.default-dispatcher-2] [akka://default/user/cdm-connection/partner-delivery-publisher-publisher-channel] Message [com.github.sstone.amqp.Amqp$Shutdown] from Actor[akka://default/user/cdm-connection/partner-delivery-publisher-publisher-channel/$b#-1794433534] to Actor[akka://default/user/cdm-connection/partner-delivery-publisher-publisher-channel#-1558637346] was not delivered. [5] dead letters encountered. This logging can be turned off or adjusted with configuration settings 'akka.log-dead-letters' and 'akka.log-dead-letters-during-shutdown'.
[INFO] [07/21/2015 15:22:52.234] [default-akka.actor.default-dispatcher-2] [akka://default/user/cdm-connection] Message [com.github.sstone.amqp.Amqp$Shutdown] from Actor[akka://default/user/cdm-connection#83488750] to Actor[akka://default/user/cdm-connection#83488750] was not delivered. [6] dead letters encountered. This logging can be turned off or adjusted with configuration settings 'akka.log-dead-letters' and 'akka.log-dead-letters-during-shutdown'.
